timestamp: 2021-02-13T22:47:07.541433
CREATE TABLE "auth_user"(
    "id" INTEGER PRIMARY KEY AUTOINCREMENT,
    "username" CHAR(512) UNIQUE,
    "email" CHAR(512) UNIQUE,
    "password" CHAR(512),
    "first_name" CHAR(512),
    "last_name" CHAR(512),
    "sso_id" CHAR(512),
    "action_token" CHAR(512),
    "last_password_change" TIMESTAMP,
    "past_passwords_hash" TEXT
);
success!
timestamp: 2021-02-13T22:47:07.574962
CREATE TABLE "auth_user_tag_groups"(
    "id" INTEGER PRIMARY KEY AUTOINCREMENT,
    "path" CHAR(512),
    "record_id" INTEGER REFERENCES "auth_user" ("id") ON DELETE CASCADE  
);
success!
timestamp: 2021-02-14T11:55:55.777778
CREATE TABLE "facility"(
    "id" INTEGER PRIMARY KEY AUTOINCREMENT,
    "facility_name" CHAR(512)
);
success!
timestamp: 2021-02-14T12:14:52.586557
CREATE TABLE "facilities"(
    "id" INTEGER PRIMARY KEY AUTOINCREMENT,
    "facility_name" CHAR(512)
);
success!
timestamp: 2021-02-14T12:23:30.741621
ALTER TABLE "facilities" ADD "hosp_id" INTEGER;
success!
timestamp: 2021-02-14T23:57:05.354818
ALTER TABLE "facilities" ADD "created_on" TIMESTAMP;
timestamp: 2021-02-14T23:57:05.382608
ALTER TABLE "facilities" ADD "created_by" INTEGER REFERENCES "auth_user" ("id") ON DELETE CASCADE  ;
timestamp: 2021-02-14T23:57:05.395561
ALTER TABLE "facilities" ADD "modified_on" TIMESTAMP;
timestamp: 2021-02-14T23:57:05.409466
ALTER TABLE "facilities" ADD "modified_by" INTEGER REFERENCES "auth_user" ("id") ON DELETE CASCADE  ;
timestamp: 2021-02-14T23:57:05.425075
ALTER TABLE "facilities" ADD "is_active" CHAR(1);
success!
